  main.cpp
C:\Users\bv080\OneDrive - Afeka College Of Engineering\מדעי המחשב שנה ג\סמסטר קיץ\גרפיקה ממחושבת\Graphics - EX1\Graphics\main.cpp(23,25): warning C4305: 'argument': truncation from 'double' to 'GLclampf'
C:\Users\bv080\OneDrive - Afeka College Of Engineering\מדעי המחשב שנה ג\סמסטר קיץ\גרפיקה ממחושבת\Graphics - EX1\Graphics\main.cpp(26,12): warning C4244: 'argument': conversion from 'time_t' to 'unsigned int', possible loss of data
C:\Users\bv080\OneDrive - Afeka College Of Engineering\מדעי המחשב שנה ג\סמסטר קיץ\גרפיקה ממחושבת\Graphics - EX1\Graphics\main.cpp(48,17): warning C4244: 'initializing': conversion from 'double' to 'int', possible loss of data
C:\Users\bv080\OneDrive - Afeka College Of Engineering\מדעי המחשב שנה ג\סמסטר קיץ\גרפיקה ממחושבת\Graphics - EX1\Graphics\main.cpp(49,27): warning C4244: 'initializing': conversion from 'double' to 'int', possible loss of data
C:\Users\bv080\OneDrive - Afeka College Of Engineering\מדעי המחשב שנה ג\סמסטר קיץ\גרפיקה ממחושבת\Graphics - EX1\Graphics\main.cpp(78,17): warning C4244: 'initializing': conversion from 'double' to 'int', possible loss of data
C:\Users\bv080\OneDrive - Afeka College Of Engineering\מדעי המחשב שנה ג\סמסטר קיץ\גרפיקה ממחושבת\Graphics - EX1\Graphics\main.cpp(79,27): warning C4244: 'initializing': conversion from 'double' to 'int', possible loss of data
C:\Users\bv080\OneDrive - Afeka College Of Engineering\מדעי המחשב שנה ג\סמסטר קיץ\גרפיקה ממחושבת\Graphics - EX1\Graphics\main.cpp(88,28): warning C4305: 'argument': truncation from 'double' to 'GLfloat'
C:\Users\bv080\OneDrive - Afeka College Of Engineering\מדעי המחשב שנה ג\סמסטר קיץ\גרפיקה ממחושבת\Graphics - EX1\Graphics\main.cpp(90,24): warning C4305: 'argument': truncation from 'double' to 'GLfloat'
C:\Users\bv080\OneDrive - Afeka College Of Engineering\מדעי המחשב שנה ג\סמסטר קיץ\גרפיקה ממחושבת\Graphics - EX1\Graphics\main.cpp(161,23): warning C4244: 'argument': conversion from 'int' to 'GLfloat', possible loss of data
C:\Users\bv080\OneDrive - Afeka College Of Engineering\מדעי המחשב שנה ג\סמסטר קיץ\גרפיקה ממחושבת\Graphics - EX1\Graphics\main.cpp(176,31): warning C4305: 'argument': truncation from 'double' to 'GLfloat'
C:\Users\bv080\OneDrive - Afeka College Of Engineering\מדעי המחשב שנה ג\סמסטר קיץ\גרפיקה ממחושבת\Graphics - EX1\Graphics\main.cpp(176,19): warning C4305: 'argument': truncation from 'double' to 'GLfloat'
C:\Users\bv080\OneDrive - Afeka College Of Engineering\מדעי המחשב שנה ג\סמסטר קיץ\גרפיקה ממחושבת\Graphics - EX1\Graphics\main.cpp(176,13): warning C4305: 'argument': truncation from 'double' to 'GLfloat'
C:\Users\bv080\OneDrive - Afeka College Of Engineering\מדעי המחשב שנה ג\סמסטר קיץ\גרפיקה ממחושבת\Graphics - EX1\Graphics\main.cpp(179,31): warning C4305: 'argument': truncation from 'double' to 'GLfloat'
C:\Users\bv080\OneDrive - Afeka College Of Engineering\מדעי המחשב שנה ג\סמסטר קיץ\גרפיקה ממחושבת\Graphics - EX1\Graphics\main.cpp(179,25): warning C4305: 'argument': truncation from 'double' to 'GLfloat'
C:\Users\bv080\OneDrive - Afeka College Of Engineering\מדעי המחשב שנה ג\סמסטר קיץ\גרפיקה ממחושבת\Graphics - EX1\Graphics\main.cpp(186,29): warning C4305: 'argument': truncation from 'double' to 'GLfloat'
C:\Users\bv080\OneDrive - Afeka College Of Engineering\מדעי המחשב שנה ג\סמסטר קיץ\גרפיקה ממחושבת\Graphics - EX1\Graphics\main.cpp(186,24): warning C4305: 'argument': truncation from 'double' to 'GLfloat'
C:\Users\bv080\OneDrive - Afeka College Of Engineering\מדעי המחשב שנה ג\סמסטר קיץ\גרפיקה ממחושבת\Graphics - EX1\Graphics\main.cpp(186,19): warning C4305: 'argument': truncation from 'double' to 'GLfloat'
C:\Users\bv080\OneDrive - Afeka College Of Engineering\מדעי המחשב שנה ג\סמסטר קיץ\גרפיקה ממחושבת\Graphics - EX1\Graphics\main.cpp(186,13): warning C4305: 'argument': truncation from 'double' to 'GLfloat'
C:\Users\bv080\OneDrive - Afeka College Of Engineering\מדעי המחשב שנה ג\סמסטר קיץ\גרפיקה ממחושבת\Graphics - EX1\Graphics\main.cpp(189,30): warning C4305: 'argument': truncation from 'double' to 'GLfloat'
C:\Users\bv080\OneDrive - Afeka College Of Engineering\מדעי המחשב שנה ג\סמסטר קיץ\גרפיקה ממחושבת\Graphics - EX1\Graphics\main.cpp(189,25): warning C4305: 'argument': truncation from 'double' to 'GLfloat'
C:\Users\bv080\OneDrive - Afeka College Of Engineering\מדעי המחשב שנה ג\סמסטר קיץ\גרפיקה ממחושבת\Graphics - EX1\Graphics\main.cpp(189,19): warning C4305: 'argument': truncation from 'double' to 'GLfloat'
C:\Users\bv080\OneDrive - Afeka College Of Engineering\מדעי המחשב שנה ג\סמסטר קיץ\גרפיקה ממחושבת\Graphics - EX1\Graphics\main.cpp(352,29): warning C4305: 'argument': truncation from 'double' to 'GLfloat'
C:\Users\bv080\OneDrive - Afeka College Of Engineering\מדעי המחשב שנה ג\סמסטר קיץ\גרפיקה ממחושבת\Graphics - EX1\Graphics\main.cpp(394,1): warning C4326: return type of 'main' should be 'int' instead of 'void'
main.obj : error LNK2019: unresolved external symbol __imp_glutInitWindowPosition referenced in function main
main.obj : error LNK2019: unresolved external symbol __imp_glutInitWindowSize referenced in function main
main.obj : error LNK2019: unresolved external symbol __imp_glutInitDisplayMode referenced in function main
main.obj : error LNK2019: unresolved external symbol __imp_glutMainLoop referenced in function main
main.obj : error LNK2019: unresolved external symbol __imp_glutPostRedisplay referenced in function "void __cdecl idle(void)" (?idle@@YAXXZ)
main.obj : error LNK2019: unresolved external symbol __imp_glutSwapBuffers referenced in function "void __cdecl display(void)" (?display@@YAXXZ)
main.obj : error LNK2019: unresolved external symbol __imp_glutIdleFunc referenced in function main
main.obj : error LNK2019: unresolved external symbol __imp_glutDisplayFunc referenced in function main
main.obj : error LNK2019: unresolved external symbol __imp___glutInitWithExit referenced in function glutInit_ATEXIT_HACK
main.obj : error LNK2019: unresolved external symbol __imp___glutCreateWindowWithExit referenced in function glutCreateWindow_ATEXIT_HACK
freeglut.lib : warning LNK4272: library machine type 'x86' conflicts with target machine type 'x64'
C:\Users\bv080\OneDrive - Afeka College Of Engineering\מדעי המחשב שנה ג\סמסטר קיץ\גרפיקה ממחושבת\Graphics - EX1\x64\Debug\Graphics.exe : fatal error LNK1120: 10 unresolved externals
